2017-11-30 08:01:48 +0000  Initial pipeline context: <IDEDistributionProcessingPipelineContext: 0x7fedb8566a10; archive(resolved)='<IDEArchive: 0x7fedb97ebfe0>', distributionTask(resolved)='2', distributionMethod(resolved)='<IDEDistributionMethodiOSAppStoreExport: 0x7fedb8f7eb40>', team(resolved)='<IDEProvisioningBasicTeam 0x7fedbaa392f0: teamID: Q4BUB9B993, teamName: Offkey Limited>'>
	Chain (11, self inclusive):
	<IDEDistributionProcessingPipelineContext: 0x7fedb8566a10; archive = '<IDEArchive: 0x7fedb97ebfe0>', distributionMethod='<IDEDistributionMethodiOSAppStoreExport: 0x7fedb8f7eb40>', team='<IDEProvisioningBasicTeam 0x7fedbaa392f0: teamID: Q4BUB9B993, teamName: Offkey Limited>'>
	<IDEDistributionProcessingPipelineContext: 0x7fedb1d15870; archive = '<IDEArchive: 0x7fedb97ebfe0>', distributionMethod='<IDEDistributionMethodiOSAppStoreExport: 0x7fedb8f7eb40>', team='<IDEProvisioningBasicTeam 0x7fedbaa392f0: teamID: Q4BUB9B993, teamName: Offkey Limited>'>
	<IDEDistributionContext: 0x7fedbae7c540; archive = '<IDEArchive: 0x7fedb97ebfe0>', distributionMethod='<IDEDistributionMethodiOSAppStoreExport: 0x7fedb8f7eb40>', team='<IDEProvisioningBasicTeam 0x7fedbaa392f0: teamID: Q4BUB9B993, teamName: Offkey Limited>'>
	<IDEDistributionContext: 0x7fedbc8cbb00; archive = '<IDEArchive: 0x7fedb97ebfe0>', distributionMethod='<IDEDistributionMethodiOSAppStoreExport: 0x7fedb8f7eb40>', team='<IDEProvisioningBasicTeam 0x7fedbaa392f0: teamID: Q4BUB9B993, teamName: Offkey Limited>'>
	<IDEDistributionContext: 0x7fedbb86d420; archive = '<IDEArchive: 0x7fedb97ebfe0>', distributionMethod='<IDEDistributionMethodiOSAppStoreExport: 0x7fedb8f7eb40>', team='<IDEProvisioningBasicTeam 0x7fedbaa392f0: teamID: Q4BUB9B993, teamName: Offkey Limited>'>
	<IDEDistributionContext: 0x7fedbb8a8480; archive = '<IDEArchive: 0x7fedb97ebfe0>', distributionMethod='<IDEDistributionMethodiOSAppStoreExport: 0x7fedb8f7eb40>', team='<IDEProvisioningBasicTeam 0x7fedbaa392f0: teamID: Q4BUB9B993, teamName: Offkey Limited>'>
	<IDEDistributionContext: 0x7fedbb8d0e70; archive = '<IDEArchive: 0x7fedb97ebfe0>', distributionMethod='<IDEDistributionMethodiOSAppStoreExport: 0x7fedb8f7eb40>', team='<IDEProvisioningBasicTeam 0x7fedbaa392f0: teamID: Q4BUB9B993, teamName: Offkey Limited>'>
	<IDEDistributionContext: 0x7fedbac2dea0; archive = '<IDEArchive: 0x7fedb97ebfe0>', distributionMethod='<IDEDistributionMethodiOSAppStoreExport: 0x7fedb8f7eb40>', team='<IDEProvisioningBasicTeam 0x7fedbaa392f0: teamID: Q4BUB9B993, teamName: Offkey Limited>'>
	<IDEDistributionContext: 0x7fedbb891cc0; archive = '<IDEArchive: 0x7fedb97ebfe0>', distributionMethod='<IDEDistributionMethodiOSAppStoreExport: 0x7fedb8f7eb40>', team='<IDEProvisioningBasicTeam 0x7fedbaa392f0: teamID: Q4BUB9B993, teamName: Offkey Limited>'>
	<IDEDistributionContext: 0x7fedbb8bae80; archive = '<IDEArchive: 0x7fedb97ebfe0>', distributionMethod='<IDEDistributionMethodiOSAppStoreExport: 0x7fedb8f7eb40>', team='(null)'>
	<IDEDistributionContext: 0x7fedbbedeaa0; archive = '<IDEArchive: 0x7fedb97ebfe0>', distributionMethod='(null)', team='(null)'>
</IDEDistributionProcessingPipelineContext: 0x7fedb8566a10>
2017-11-30 08:01:48 +0000  Processing step: IDEDistributionCreateDestRootStep
2017-11-30 08:01:48 +0000  Processing step: IDEDistributionCopyItemStep
2017-11-30 08:01:48 +0000  Running /usr/bin/ditto '-V' '/Users/ChristanFoden/Library/Developer/Xcode/Archives/2017-11-30/newsApp 30-11-2017, 08.01.xcarchive/Products/Applications/newsApp.app' '/var/folders/9r/n9zx4c4j10b9fnv4_fsxzq9c0000gn/T/XcodeDistPipeline.93P/Root/Payload/newsApp.app'
2017-11-30 08:01:48 +0000  >>> Copying /Users/ChristanFoden/Library/Developer/Xcode/Archives/2017-11-30/newsApp 30-11-2017, 08.01.xcarchive/Products/Applications/newsApp.app 
2017-11-30 08:01:48 +0000  copying file ./_CodeSignature/CodeResources ... 
2017-11-30 08:01:48 +0000  12433 bytes for ./_CodeSignature/CodeResources
2017-11-30 08:01:48 +0000  copying file ./AppIcon20x20@2x.png ... 
2017-11-30 08:01:48 +0000  1149 bytes for ./AppIcon20x20@2x.png
copying file ./AppIcon20x20@3x.png ... 
2017-11-30 08:01:48 +0000  1617 bytes for ./AppIcon20x20@3x.png
copying file ./AppIcon29x29@2x.png ... 
2017-11-30 08:01:48 +0000  1496 bytes for ./AppIcon29x29@2x.png
2017-11-30 08:01:48 +0000  copying file ./AppIcon29x29@3x.png ... 
2017-11-30 08:01:48 +0000  2687 bytes for ./AppIcon29x29@3x.png
2017-11-30 08:01:48 +0000  copying file ./AppIcon40x40@2x.png ... 
2017-11-30 08:01:48 +0000  2553 bytes for ./AppIcon40x40@2x.png
2017-11-30 08:01:48 +0000  copying file ./AppIcon40x40@3x.png ... 
2017-11-30 08:01:48 +0000  3664 bytes for ./AppIcon40x40@3x.png
2017-11-30 08:01:48 +0000  copying file ./AppIcon60x60@2x.png ... 
2017-11-30 08:01:48 +0000  3664 bytes for ./AppIcon60x60@2x.png
2017-11-30 08:01:48 +0000  copying file ./AppIcon60x60@3x.png ... 
2017-11-30 08:01:48 +0000  5380 bytes for ./AppIcon60x60@3x.png
copying file ./archived-expanded-entitlements.xcent ... 
2017-11-30 08:01:48 +0000  354 bytes for ./archived-expanded-entitlements.xcent
2017-11-30 08:01:48 +0000  copying file ./assets/node_modules/react-native-router-flux/images/back_chevron.png ... 
2017-11-30 08:01:48 +0000  575 bytes for ./assets/node_modules/react-native-router-flux/images/back_chevron.png
2017-11-30 08:01:48 +0000  copying file ./assets/node_modules/react-native-router-flux/images/menu_burger.png ... 
2017-11-30 08:01:48 +0000  706 bytes for ./assets/node_modules/react-native-router-flux/images/menu_burger.png
2017-11-30 08:01:48 +0000  copying file ./assets/node_modules/react-native-router-flux/node_modules/react-navigation/src/views/assets/back-icon.png ... 
2017-11-30 08:01:48 +0000  379 bytes for ./assets/node_modules/react-native-router-flux/node_modules/react-navigation/src/views/assets/back-icon.png
2017-11-30 08:01:48 +0000  copying file ./assets/node_modules/react-native-router-flux/node_modules/react-navigation/src/views/assets/back-icon@2x.png ... 
2017-11-30 08:01:48 +0000  534 bytes for ./assets/node_modules/react-native-router-flux/node_modules/react-navigation/src/views/assets/back-icon@2x.png
2017-11-30 08:01:48 +0000  copying file ./assets/node_modules/react-native-router-flux/node_modules/react-navigation/src/views/assets/back-icon@3x.png ... 
2017-11-30 08:01:48 +0000  732 bytes for ./assets/node_modules/react-native-router-flux/node_modules/react-navigation/src/views/assets/back-icon@3x.png
2017-11-30 08:01:48 +0000  copying file ./assets/src/img/Artboard11.png ... 
2017-11-30 08:01:48 +0000  13234 bytes for ./assets/src/img/Artboard11.png
2017-11-30 08:01:48 +0000  copying file ./Assets.car ... 
2017-11-30 08:01:48 +0000  669800 bytes for ./Assets.car
2017-11-30 08:01:48 +0000  copying file ./Base.lproj/LaunchScreen.nib ... 
3088 bytes for ./Base.lproj/LaunchScreen.nib
copying file ./embedded.mobileprovision ... 
7580 bytes for ./embedded.mobileprovision
copying file ./Entypo.ttf ... 
2017-11-30 08:01:48 +0000  65584 bytes for ./Entypo.ttf
copying file ./EvilIcons.ttf ... 
2017-11-30 08:01:48 +0000  13128 bytes for ./EvilIcons.ttf
copying file ./Feather.ttf ... 
2017-11-30 08:01:48 +0000  55288 bytes for ./Feather.ttf
2017-11-30 08:01:48 +0000  copying file ./FontAwesome.ttf ... 
2017-11-30 08:01:48 +0000  165548 bytes for ./FontAwesome.ttf
copying file ./Foundation.ttf ... 
2017-11-30 08:01:48 +0000  56976 bytes for ./Foundation.ttf
2017-11-30 08:01:48 +0000  copying file ./GoogleService-Info.plist ... 
2017-11-30 08:01:48 +0000  863 bytes for ./GoogleService-Info.plist
copying file ./Info.plist ... 
2017-11-30 08:01:48 +0000  1695 bytes for ./Info.plist
copying file ./Ionicons.ttf ... 
2017-11-30 08:01:48 +0000  143936 bytes for ./Ionicons.ttf
2017-11-30 08:01:48 +0000  copying file ./main.jsbundle ... 
2017-11-30 08:01:48 +0000  2091568 bytes for ./main.jsbundle
2017-11-30 08:01:48 +0000  copying file ./main.jsbundle.meta ... 
21 bytes for ./main.jsbundle.meta
copying file ./MaterialCommunityIcons.ttf ... 
2017-11-30 08:01:48 +0000  292556 bytes for ./MaterialCommunityIcons.ttf
copying file ./MaterialIcons.ttf ... 
2017-11-30 08:01:48 +0000  128180 bytes for ./MaterialIcons.ttf
copying file ./newsApp ... 
2017-11-30 08:01:48 +0000  33933600 bytes for ./newsApp
copying file ./Octicons.ttf ... 
2017-11-30 08:01:49 +0000  27512 bytes for ./Octicons.ttf
copying file ./PkgInfo ... 
8 bytes for ./PkgInfo
copying file ./SimpleLineIcons.ttf ... 
2017-11-30 08:01:49 +0000  54056 bytes for ./SimpleLineIcons.ttf
2017-11-30 08:01:49 +0000  copying file ./Zocial.ttf ... 
2017-11-30 08:01:49 +0000  25552 bytes for ./Zocial.ttf
2017-11-30 08:01:49 +0000  /usr/bin/ditto exited with 0
2017-11-30 08:01:49 +0000  Processing step: IDEDistributionEmbedProfileStep
2017-11-30 08:01:49 +0000  Processing step: IDEDistributionItemRemovalStep
2017-11-30 08:01:49 +0000  Processing step: IDEDistributionAppThinningPlistStep
2017-11-30 08:01:49 +0000  Skipping step: IDEDistributionAppThinningPlistStep because it said so
2017-11-30 08:01:49 +0000  Processing step: IDEDistributionCompileBitcodeStep
2017-11-30 08:01:49 +0000  Skipping step: IDEDistributionCompileBitcodeStep because it said so
2017-11-30 08:01:49 +0000  Processing step: IDEDistributionCodeSlimmingStep
2017-11-30 08:01:49 +0000  Processing step: IDEDistributionCopyBCSymbolMapsStep
2017-11-30 08:01:49 +0000  Running /usr/bin/ditto '-V' '/Users/ChristanFoden/Library/Developer/Xcode/Archives/2017-11-30/newsApp 30-11-2017, 08.01.xcarchive/BCSymbolMaps/717BE607-FFB6-3061-B728-B24D5B63A681.bcsymbolmap' '/var/folders/9r/n9zx4c4j10b9fnv4_fsxzq9c0000gn/T/XcodeDistPipeline.93P/Root/BCSymbolMaps/717BE607-FFB6-3061-B728-B24D5B63A681.bcsymbolmap'
2017-11-30 08:01:49 +0000  >>> Copying /Users/ChristanFoden/Library/Developer/Xcode/Archives/2017-11-30/newsApp 30-11-2017, 08.01.xcarchive/BCSymbolMaps/717BE607-FFB6-3061-B728-B24D5B63A681.bcsymbolmap 
2017-11-30 08:01:49 +0000  copying file ./717BE607-FFB6-3061-B728-B24D5B63A681.bcsymbolmap ... 
2017-11-30 08:01:49 +0000  1046385 bytes for ./717BE607-FFB6-3061-B728-B24D5B63A681.bcsymbolmap
2017-11-30 08:01:49 +0000  /usr/bin/ditto exited with 0
2017-11-30 08:01:49 +0000  Running /usr/bin/ditto '-V' '/Users/ChristanFoden/Library/Developer/Xcode/Archives/2017-11-30/newsApp 30-11-2017, 08.01.xcarchive/BCSymbolMaps/C78D5221-17DD-37DE-9C14-243D9CF03946.bcsymbolmap' '/var/folders/9r/n9zx4c4j10b9fnv4_fsxzq9c0000gn/T/XcodeDistPipeline.93P/Root/BCSymbolMaps/C78D5221-17DD-37DE-9C14-243D9CF03946.bcsymbolmap'
2017-11-30 08:01:49 +0000  >>> Copying /Users/ChristanFoden/Library/Developer/Xcode/Archives/2017-11-30/newsApp 30-11-2017, 08.01.xcarchive/BCSymbolMaps/C78D5221-17DD-37DE-9C14-243D9CF03946.bcsymbolmap 
2017-11-30 08:01:49 +0000  copying file ./C78D5221-17DD-37DE-9C14-243D9CF03946.bcsymbolmap ... 
2017-11-30 08:01:49 +0000  1054403 bytes for ./C78D5221-17DD-37DE-9C14-243D9CF03946.bcsymbolmap
2017-11-30 08:01:49 +0000  /usr/bin/ditto exited with 0
2017-11-30 08:01:49 +0000  Processing step: IDEDistributionSymbolsStep
2017-11-30 08:01:49 +0000  Excluding symbols for newsApp.app
2017-11-30 08:01:49 +0000  Processing step: IDEDistributionCopyAppleProvidedContentStep
2017-11-30 08:01:49 +0000  Processing step: IDEDistributionAppThinningStep
2017-11-30 08:01:49 +0000  Skipping step: IDEDistributionAppThinningStep because it said so
2017-11-30 08:01:49 +0000  Processing step: IDEDistributionODRStep
2017-11-30 08:01:49 +0000  Processing step: IDEDistributionStripXattrsStep
2017-11-30 08:01:49 +0000  Running /usr/bin/xattr '-crs' '/var/folders/9r/n9zx4c4j10b9fnv4_fsxzq9c0000gn/T/XcodeDistPipeline.93P/Root/Payload/newsApp.app'
2017-11-30 08:01:50 +0000  /usr/bin/xattr exited with 0
2017-11-30 08:01:50 +0000  Processing step: IDEDistributionCodesignStep
2017-11-30 08:01:50 +0000  Applying entitlements delta for <IDEDistributionItem: 0x7fedbb857480 'com.offkey-ltd.news' '<DVTFilePath:0x7fedbbf11fc0:'/Users/ChristanFoden/Library/Developer/Xcode/Archives/2017-11-30/newsApp 30-11-2017, 08.01.xcarchive/Products/Applications/newsApp.app'>'> from <IDEiCloudEntitlementsProcessor: 0x7fedb8c81ec0>: {
}
2017-11-30 08:01:50 +0000  Entitlements for <IDEDistributionItem: 0x7fedbb857480 'com.offkey-ltd.news' '<DVTFilePath:0x7fedbbf11fc0:'/Users/ChristanFoden/Library/Developer/Xcode/Archives/2017-11-30/newsApp 30-11-2017, 08.01.xcarchive/Products/Applications/newsApp.app'>'>: {
    "application-identifier" = "Q4BUB9B993.com.offkey-ltd.news";
    "aps-environment" = production;
    "beta-reports-active" = 1;
    "com.apple.developer.team-identifier" = Q4BUB9B993;
    "get-task-allow" = 0;
    "keychain-access-groups" =     (
        "Q4BUB9B993.com.offkey-ltd.newsApp1"
    );
}
2017-11-30 08:01:50 +0000  Writing entitlements for <IDEDistributionItem: 0x7fedbb857480 'com.offkey-ltd.news' '<DVTFilePath:0x7fedbbf11fc0:'/Users/ChristanFoden/Library/Developer/Xcode/Archives/2017-11-30/newsApp 30-11-2017, 08.01.xcarchive/Products/Applications/newsApp.app'>'> to: /var/folders/9r/n9zx4c4j10b9fnv4_fsxzq9c0000gn/T/XcodeDistPipeline.93P/entitlementsmoEexU
2017-11-30 08:01:50 +0000  Running /usr/bin/codesign '-vvv' '--force' '--sign' '146C3B01CD2B4332DF1714323F0BFD707978E530' '--preserve-metadata=identifier,flags' '--entitlements' '/var/folders/9r/n9zx4c4j10b9fnv4_fsxzq9c0000gn/T/XcodeDistPipeline.93P/entitlementsmoEexU' '/var/folders/9r/n9zx4c4j10b9fnv4_fsxzq9c0000gn/T/XcodeDistPipeline.93P/Root/Payload/newsApp.app'
2017-11-30 08:01:53 +0000  /var/folders/9r/n9zx4c4j10b9fnv4_fsxzq9c0000gn/T/XcodeDistPipeline.93P/Root/Payload/newsApp.app: signed app bundle with Mach-O universal (armv7 arm64) [com.offkey-ltd.news]
2017-11-30 08:01:53 +0000  
2017-11-30 08:01:53 +0000  /usr/bin/codesign exited with 0
2017-11-30 08:01:53 +0000  Processing step: IDEDistributionStreamingZipItemStep
2017-11-30 08:01:53 +0000  Skipping step: IDEDistributionStreamingZipItemStep because it said so
2017-11-30 08:01:53 +0000  Processing step: IDEDistributionCreateIPAStep
2017-11-30 08:01:53 +0000  Running /usr/bin/ditto '-V' '-c' '-k' '--norsrc' '/var/folders/9r/n9zx4c4j10b9fnv4_fsxzq9c0000gn/T/XcodeDistPipeline.93P/Root' '/var/folders/9r/n9zx4c4j10b9fnv4_fsxzq9c0000gn/T/XcodeDistPipeline.93P/Packages/newsApp.ipa'
2017-11-30 08:01:53 +0000  >>> Copying /var/folders/9r/n9zx4c4j10b9fnv4_fsxzq9c0000gn/T/XcodeDistPipeline.93P/Root 
2017-11-30 08:01:53 +0000  copying file ./BCSymbolMaps/717BE607-FFB6-3061-B728-B24D5B63A681.bcsymbolmap ... 
2017-11-30 08:01:53 +0000  1046385 bytes for ./BCSymbolMaps/717BE607-FFB6-3061-B728-B24D5B63A681.bcsymbolmap
2017-11-30 08:01:53 +0000  copying file ./BCSymbolMaps/C78D5221-17DD-37DE-9C14-243D9CF03946.bcsymbolmap ... 
2017-11-30 08:01:53 +0000  1054403 bytes for ./BCSymbolMaps/C78D5221-17DD-37DE-9C14-243D9CF03946.bcsymbolmap
2017-11-30 08:01:53 +0000  copying file ./Payload/newsApp.app/_CodeSignature/CodeResources ... 
2017-11-30 08:01:53 +0000  12433 bytes for ./Payload/newsApp.app/_CodeSignature/CodeResources
2017-11-30 08:01:53 +0000  copying file ./Payload/newsApp.app/AppIcon20x20@2x.png ... 
2017-11-30 08:01:53 +0000  1149 bytes for ./Payload/newsApp.app/AppIcon20x20@2x.png
copying file ./Payload/newsApp.app/AppIcon20x20@3x.png ... 
1617 bytes for ./Payload/newsApp.app/AppIcon20x20@3x.png
copying file ./Payload/newsApp.app/AppIcon29x29@2x.png ... 
1496 bytes for ./Payload/newsApp.app/AppIcon29x29@2x.png
copying file ./Payload/newsApp.app/AppIcon29x29@3x.png ... 
2017-11-30 08:01:53 +0000  2687 bytes for ./Payload/newsApp.app/AppIcon29x29@3x.png
copying file ./Payload/newsApp.app/AppIcon40x40@2x.png ... 
2017-11-30 08:01:53 +0000  2553 bytes for ./Payload/newsApp.app/AppIcon40x40@2x.png
copying file ./Payload/newsApp.app/AppIcon40x40@3x.png ... 
2017-11-30 08:01:53 +0000  3664 bytes for ./Payload/newsApp.app/AppIcon40x40@3x.png
copying file ./Payload/newsApp.app/AppIcon60x60@2x.png ... 
2017-11-30 08:01:53 +0000  3664 bytes for ./Payload/newsApp.app/AppIcon60x60@2x.png
copying file ./Payload/newsApp.app/AppIcon60x60@3x.png ... 
2017-11-30 08:01:53 +0000  5380 bytes for ./Payload/newsApp.app/AppIcon60x60@3x.png
copying file ./Payload/newsApp.app/archived-expanded-entitlements.xcent ... 
2017-11-30 08:01:53 +0000  354 bytes for ./Payload/newsApp.app/archived-expanded-entitlements.xcent
2017-11-30 08:01:53 +0000  copying file ./Payload/newsApp.app/assets/node_modules/react-native-router-flux/images/back_chevron.png ... 
2017-11-30 08:01:53 +0000  575 bytes for ./Payload/newsApp.app/assets/node_modules/react-native-router-flux/images/back_chevron.png
copying file ./Payload/newsApp.app/assets/node_modules/react-native-router-flux/images/menu_burger.png ... 
2017-11-30 08:01:53 +0000  706 bytes for ./Payload/newsApp.app/assets/node_modules/react-native-router-flux/images/menu_burger.png
2017-11-30 08:01:53 +0000  copying file ./Payload/newsApp.app/assets/node_modules/react-native-router-flux/node_modules/react-navigation/src/views/assets/back-icon.png ... 
2017-11-30 08:01:53 +0000  379 bytes for ./Payload/newsApp.app/assets/node_modules/react-native-router-flux/node_modules/react-navigation/src/views/assets/back-icon.png
2017-11-30 08:01:53 +0000  copying file ./Payload/newsApp.app/assets/node_modules/react-native-router-flux/node_modules/react-navigation/src/views/assets/back-icon@2x.png ... 
2017-11-30 08:01:53 +0000  534 bytes for ./Payload/newsApp.app/assets/node_modules/react-native-router-flux/node_modules/react-navigation/src/views/assets/back-icon@2x.png
copying file ./Payload/newsApp.app/assets/node_modules/react-native-router-flux/node_modules/react-navigation/src/views/assets/back-icon@3x.png ... 
2017-11-30 08:01:53 +0000  732 bytes for ./Payload/newsApp.app/assets/node_modules/react-native-router-flux/node_modules/react-navigation/src/views/assets/back-icon@3x.png
2017-11-30 08:01:53 +0000  copying file ./Payload/newsApp.app/assets/src/img/Artboard11.png ... 
2017-11-30 08:01:53 +0000  13234 bytes for ./Payload/newsApp.app/assets/src/img/Artboard11.png
2017-11-30 08:01:53 +0000  copying file ./Payload/newsApp.app/Assets.car ... 
2017-11-30 08:01:53 +0000  669800 bytes for ./Payload/newsApp.app/Assets.car
2017-11-30 08:01:53 +0000  copying file ./Payload/newsApp.app/Base.lproj/LaunchScreen.nib ... 
3088 bytes for ./Payload/newsApp.app/Base.lproj/LaunchScreen.nib
copying file ./Payload/newsApp.app/embedded.mobileprovision ... 
7508 bytes for ./Payload/newsApp.app/embedded.mobileprovision
copying file ./Payload/newsApp.app/Entypo.ttf ... 
2017-11-30 08:01:53 +0000  65584 bytes for ./Payload/newsApp.app/Entypo.ttf
2017-11-30 08:01:53 +0000  copying file ./Payload/newsApp.app/EvilIcons.ttf ... 
2017-11-30 08:01:53 +0000  13128 bytes for ./Payload/newsApp.app/EvilIcons.ttf
2017-11-30 08:01:53 +0000  copying file ./Payload/newsApp.app/Feather.ttf ... 
2017-11-30 08:01:53 +0000  55288 bytes for ./Payload/newsApp.app/Feather.ttf
2017-11-30 08:01:53 +0000  copying file ./Payload/newsApp.app/FontAwesome.ttf ... 
2017-11-30 08:01:53 +0000  165548 bytes for ./Payload/newsApp.app/FontAwesome.ttf
2017-11-30 08:01:53 +0000  copying file ./Payload/newsApp.app/Foundation.ttf ... 
2017-11-30 08:01:53 +0000  56976 bytes for ./Payload/newsApp.app/Foundation.ttf
2017-11-30 08:01:53 +0000  copying file ./Payload/newsApp.app/GoogleService-Info.plist ... 
2017-11-30 08:01:53 +0000  863 bytes for ./Payload/newsApp.app/GoogleService-Info.plist
copying file ./Payload/newsApp.app/Info.plist ... 
2017-11-30 08:01:53 +0000  1695 bytes for ./Payload/newsApp.app/Info.plist
2017-11-30 08:01:53 +0000  copying file ./Payload/newsApp.app/Ionicons.ttf ... 
2017-11-30 08:01:53 +0000  143936 bytes for ./Payload/newsApp.app/Ionicons.ttf
2017-11-30 08:01:53 +0000  copying file ./Payload/newsApp.app/main.jsbundle ... 
2017-11-30 08:01:53 +0000  2091568 bytes for ./Payload/newsApp.app/main.jsbundle
copying file ./Payload/newsApp.app/main.jsbundle.meta ... 
2017-11-30 08:01:53 +0000  21 bytes for ./Payload/newsApp.app/main.jsbundle.meta
copying file ./Payload/newsApp.app/MaterialCommunityIcons.ttf ... 
2017-11-30 08:01:53 +0000  292556 bytes for ./Payload/newsApp.app/MaterialCommunityIcons.ttf
copying file ./Payload/newsApp.app/MaterialIcons.ttf ... 
2017-11-30 08:01:53 +0000  128180 bytes for ./Payload/newsApp.app/MaterialIcons.ttf
copying file ./Payload/newsApp.app/newsApp ... 
2017-11-30 08:01:54 +0000  27611200 bytes for ./Payload/newsApp.app/newsApp
2017-11-30 08:01:54 +0000  copying file ./Payload/newsApp.app/Octicons.ttf ... 
2017-11-30 08:01:54 +0000  27512 bytes for ./Payload/newsApp.app/Octicons.ttf
copying file ./Payload/newsApp.app/PkgInfo ... 
2017-11-30 08:01:54 +0000  8 bytes for ./Payload/newsApp.app/PkgInfo
copying file ./Payload/newsApp.app/SimpleLineIcons.ttf ... 
2017-11-30 08:01:54 +0000  54056 bytes for ./Payload/newsApp.app/SimpleLineIcons.ttf
copying file ./Payload/newsApp.app/Zocial.ttf ... 
2017-11-30 08:01:54 +0000  25552 bytes for ./Payload/newsApp.app/Zocial.ttf
2017-11-30 08:01:54 +0000  /usr/bin/ditto exited with 0
2017-11-30 08:01:54 +0000  Processing step: IDEDistributionCreateManifestStep
2017-11-30 08:01:54 +0000  Skipping step: IDEDistributionCreateManifestStep because it said so
